d:\biancheng\c\test\str-fun\project1\project1\x64\debug\vc143.pdb
d:\biancheng\c\test\str-fun\project1\project1\x64\debug\vc143.idb
d:\biancheng\c\test\str-fun\project1\project1\x64\debug\test.obj
d:\biancheng\c\test\str-fun\project1\project1\x64\debug\project1.ilk
d:\biancheng\c\test\str-fun\project1\x64\debug\project1.pdb
d:\biancheng\c\test\str-fun\project1\project1\x64\debug\project1.tlog\cl.command.1.tlog
d:\biancheng\c\test\str-fun\project1\project1\x64\debug\project1.tlog\cl.items.tlog
d:\biancheng\c\test\str-fun\project1\project1\x64\debug\project1.tlog\cl.read.1.tlog
d:\biancheng\c\test\str-fun\project1\project1\x64\debug\project1.tlog\cl.write.1.tlog
d:\biancheng\c\test\str-fun\project1\project1\x64\debug\project1.tlog\link.31804-cvtres.read.1.tlog
d:\biancheng\c\test\str-fun\project1\project1\x64\debug\project1.tlog\link.31804-cvtres.write.1.tlog
d:\biancheng\c\test\str-fun\project1\project1\x64\debug\project1.tlog\link.31804-rc.read.1.tlog
d:\biancheng\c\test\str-fun\project1\project1\x64\debug\project1.tlog\link.31804-rc.write.1.tlog
d:\biancheng\c\test\str-fun\project1\project1\x64\debug\project1.tlog\link.31804.read.1.tlog
d:\biancheng\c\test\str-fun\project1\project1\x64\debug\project1.tlog\link.31804.read.2.tlog
d:\biancheng\c\test\str-fun\project1\project1\x64\debug\project1.tlog\link.31804.read.3.tlog
d:\biancheng\c\test\str-fun\project1\project1\x64\debug\project1.tlog\link.31804.read.4.tlog
d:\biancheng\c\test\str-fun\project1\project1\x64\debug\project1.tlog\link.31804.read.5.tlog
d:\biancheng\c\test\str-fun\project1\project1\x64\debug\project1.tlog\link.31804.write.1.tlog
d:\biancheng\c\test\str-fun\project1\project1\x64\debug\project1.tlog\link.command.1.tlog
d:\biancheng\c\test\str-fun\project1\project1\x64\debug\project1.tlog\link.read.1.tlog
d:\biancheng\c\test\str-fun\project1\project1\x64\debug\project1.tlog\link.secondary.1.tlog
d:\biancheng\c\test\str-fun\project1\project1\x64\debug\project1.tlog\link.write.1.tlog
